Arguments: 
  C:\Program Files\nodejs\node.exe C:\Program Files (x86)\Yarn\bin\yarn.js add react-native-gesture-handler

PATH: 
  C:\Windows\system32;C:\Windows;C:\Windows\System32\Wbem;C:\Windows\System32\WindowsPowerShell\v1.0\;C:\Program Files\Git\cmd;C:\Program Files (x86)\Yarn\bin;C:\Program Files\nodejs\;C:\Users\milad\AppData\Roaming\npm;;C:\Program Files\Microsoft VS Code\bin;C:\Users\milad\AppData\Local\Yarn\bin;C:\Program Files\nodejs\;C:\Users\milad\AppData\Roaming\npm

Yarn version: 
  1.3.2

Node version: 
  8.9.1

Platform: 
  win32 x64

npm manifest: 
  {
    "name": "sirin",
    "version": "0.1.0",
    "private": true,
    "devDependencies": {
      "jest-expo": "~20.0.0",
      "react-native-scripts": "1.2.1",
      "react-test-renderer": "16.0.0-alpha.12"
    },
    "main": "./node_modules/react-native-scripts/build/bin/crna-entry.js",
    "scripts": {
      "links": "react-native link",
      "start": "react-native-scripts start",
      "eject": "react-native-scripts eject",
      "android": "react-native-scripts android",
      "ios": "react-native-scripts ios",
      "test": "node node_modules/jest/bin/jest.js --watch"
    },
    "jest": {
      "preset": "jest-expo"
    },
    "rnpm": {
      "assets": [
        "src/assets/fonts"
      ]
    },
    "dependencies": {
      "expo": "^20.0.0",
      "prop-types": "^15.5.10",
      "react": "16.0.0-alpha.12",
      "react-native": "^0.47.0",
      "redux-thunk": "^2.2.0"
    }
  }

yarn manifest: 
  No manifest

Lockfile: 
  No lockfile

Trace: 
  Error: https://registry.yarnpkg.com/remove-trailing-slash/-/remove-trailing-slash-0.1.0.tgz: ETIMEDOUT
      at Timeout._onTimeout (C:\Program Files (x86)\Yarn\lib\cli.js:123749:19)
      at ontimeout (timers.js:475:11)
      at tryOnTimeout (timers.js:310:5)
      at Timer.listOnTimeout (timers.js:270:5)
